[2018-9-17 12:01:06] : SUCCESS : All videos are available
[2018-9-17 12:14:56] : SUCCESS : All videos are available
[2018-9-17 12:15:24] : SUCCESS : All videos are available
[2018-9-17 12:15:47] : SUCCESS : All videos are available
[2018-9-17 12:16:14] : SUCCESS : All videos are available
[2018-9-17 12:16:39] : FAILED : Air Quality Video (https://video.euronews.com/mp4/weather/180918_WQSU_000.mp4)
[2018-9-17 12:16:39] : FAILED : Airport Weather Video (https://video.euronews.com/mp4/weather/180918_WASU_000.mp4)
[2018-9-17 12:16:39] : FAILED : Europe Weather Video (https://video.euronews.com/mp4/weather/180918_WWSU_000.mp4)
[2018-9-17 12:19:41] : SUCCESS : All videos are available
[2018-9-17 12:21:39] : SUCCESS : All videos are available
[2018-9-17 12:22:40] : SUCCESS : All videos are available
[2018-9-17 12:37:29] : SUCCESS : All videos are available
[2018-9-17 12:37:37] : SUCCESS : All videos are available
[2018-9-17 12:37:46] : SUCCESS : All videos are available
[2018-9-17 12:38:02] : FAILED : Tomorrow Air Quality Video (https://video.euronews.com/mp4/weather/180917_WQSU_1220.mp4)
[2018-9-17 12:38:02] : FAILED : Tomorrow Airport Weather Video (https://video.euronews.com/mp4/weather/180917_WASU_1120.mp4)
[2018-9-17 12:38:02] : FAILED : Tomorrow Europe Weather Video (https://video.euronews.com/mp4/weather/180917_WWSU_1020.mp4)
[2018-9-17 12:40:19] : SUCCESS : All videos are available
[2018-9-17 13:16:10] : SUCCESS : All videos are available
[2018-9-17 13:23:56] : SUCCESS : All videos are available
[2018-9-17 13:24:27] : SUCCESS : All videos are available
[2018-9-17 13:25:47] : SUCCESS : All videos are available
[2018-9-17 13:29:00] : FAILED : Tomorrow Europe Weather Video (https://video.euronews.com/mp4/weather/180917_WWSU_1020.mp4)
[2018-9-17 13:29:38] : FAILED : Tomorrow Europe Weather Video (https://video.euronews.com/mp4/weather/180917_WWSU_1020.mp4)
[2018-9-17 13:29:52] : FAILED : Tomorrow Europe Weather Video (https://video.euronews.com/mp4/weather/180917_WWSU_1020.mp4)
[2018-9-17 13:30:20] : FAILED : Tomorrow Europe Weather Video (https://video.euronews.com/mp4/weather/180917_WWSU_1020.mp4)
[2018-9-17 13:30:30] : FAILED : Tomorrow Europe Weather Video (https://video.euronews.com/mp4/weather/180917_WWSU_1020.mp4)
[2018-9-17 13:30:48] : FAILED : Tomorrow Europe Weather Video (https://video.euronews.com/mp4/weather/180917_WWSU_1020.mp4)
[2018-9-17 13:32:04] : FAILED : Tomorrow Europe Weather Video (https://video.euronews.com/mp4/weather/180917_WWSU_1020.mp4)
[2018-9-17 13:38:27] : SUCCESS : All videos are available
[2018-9-17 13:38:56] : SUCCESS : All videos are available
[2018-9-17 13:40:15] : SUCCESS : All videos are available
[2018-9-17 13:41:18] : SUCCESS : All videos are available
